Determining if the pthread_create exist failed with the following output:
Change Dir: /home/ks/tutorial_ws/build/CMakeFiles/CMakeTmp

Run Build Command:"/usr/bin/make" "cmTC_9ad81/fast"
/usr/bin/make -f CMakeFiles/cmTC_9ad81.dir/build.make CMakeFiles/cmTC_9ad81.dir/build
make[1]: 进入目录“/home/ks/tutorial_ws/build/CMakeFiles/CMakeTmp”
Building C object CMakeFiles/cmTC_9ad81.dir/CheckSymbolExists.c.o
/usr/bin/cc    -o CMakeFiles/cmTC_9ad81.dir/CheckSymbolExists.c.o   -c /home/ks/tutorial_ws/build/CMakeFiles/CMakeTmp/CheckSymbolExists.c
Linking C executable cmTC_9ad81
/usr/bin/cmake -E cmake_link_script CMakeFiles/cmTC_9ad81.dir/link.txt --verbose=1
/usr/bin/cc      -rdynamic CMakeFiles/cmTC_9ad81.dir/CheckSymbolExists.c.o  -o cmTC_9ad81 
CMakeFiles/cmTC_9ad81.dir/CheckSymbolExists.c.o：在函数‘main’中：
CheckSymbolExists.c:(.text+0x1b)：对‘pthread_create’未定义的引用
collect2: error: ld returned 1 exit status
CMakeFiles/cmTC_9ad81.dir/build.make:97: recipe for target 'cmTC_9ad81' failed
make[1]: *** [cmTC_9ad81] Error 1
make[1]: 离开目录“/home/ks/tutorial_ws/build/CMakeFiles/CMakeTmp”
Makefile:126: recipe for target 'cmTC_9ad81/fast' failed
make: *** [cmTC_9ad81/fast] Error 2

File /home/ks/tutorial_ws/build/CMakeFiles/CMakeTmp/CheckSymbolExists.c:
/* */
#include <pthread.h>

int main(int argc, char** argv)
{
  (void)argv;
#ifndef pthread_create
  return ((int*)(&pthread_create))[argc];
#else
  (void)argc;
  return 0;
#endif
}

Determining if the function pthread_create exists in the pthreads failed with the following output:
Change Dir: /home/ks/tutorial_ws/build/CMakeFiles/CMakeTmp

Run Build Command:"/usr/bin/make" "cmTC_3a51c/fast"
/usr/bin/make -f CMakeFiles/cmTC_3a51c.dir/build.make CMakeFiles/cmTC_3a51c.dir/build
make[1]: 进入目录“/home/ks/tutorial_ws/build/CMakeFiles/CMakeTmp”
Building C object CMakeFiles/cmTC_3a51c.dir/CheckFunctionExists.c.o
/usr/bin/cc   -DCHECK_FUNCTION_EXISTS=pthread_create   -o CMakeFiles/cmTC_3a51c.dir/CheckFunctionExists.c.o   -c /usr/share/cmake-3.10/Modules/CheckFunctionExists.c
Linking C executable cmTC_3a51c
/usr/bin/cmake -E cmake_link_script CMakeFiles/cmTC_3a51c.dir/link.txt --verbose=1
/usr/bin/cc  -DCHECK_FUNCTION_EXISTS=pthread_create    -rdynamic CMakeFiles/cmTC_3a51c.dir/CheckFunctionExists.c.o  -o cmTC_3a51c -lpthreads 
/usr/bin/ld: 找不到 -lpthreads
collect2: error: ld returned 1 exit status
CMakeFiles/cmTC_3a51c.dir/build.make:97: recipe for target 'cmTC_3a51c' failed
make[1]: *** [cmTC_3a51c] Error 1
make[1]: 离开目录“/home/ks/tutorial_ws/build/CMakeFiles/CMakeTmp”
Makefile:126: recipe for target 'cmTC_3a51c/fast' failed
make: *** [cmTC_3a51c/fast] Error 2


